{"message":"Unauthorized request to path: /bookmarks","level":"error"}
{"message":"Unauthorized request to path: /bookmarks","level":"error"}
{"message":"Card not found","level":"error"}
{"message":"Card not found","level":"error"}
{"message":"URL must match format 'http(s)://www.website.com'","level":"error"}
{"message":"Rating must be a number between 0 and 5","level":"error"}
{"message":"URL must match format 'http(s)://www.website.com'","level":"error"}
{"message":"URL must match format 'http(s)://www.website.com'","level":"error"}
{"message":"URL must match format 'http(s)://www.website.com'","level":"error"}
{"message":"Id not found","level":"error"}
{"message":"Rating must be a number between 0 and 5","level":"error"}
{"message":"Rating must be a number between 0 and 5","level":"error"}
{"message":"Rating must be a number between 0 and 5","level":"error"}
{"message":"Rating must be a number between 0 and 5","level":"error"}
{"message":"Rating must be a number between 0 and 5","level":"error"}
{"message":"Rating must be a number between 0 and 5","level":"error"}
{"message":"Rating must be a number between 0 and 5","level":"error"}
{"message":"Card not found","level":"error"}
{"message":"Card not found","level":"error"}
{"message":"Card not found","level":"error"}
{"message":"Card not found","level":"error"}
{"message":"Card not found","level":"error"}
{"message":"Unauthorized request to path: /bookmarks","level":"error"}
{"message":"Rating must be a number between 0 and 5","level":"error"}
{"message":"Rating must be an integer between 0 and 5","level":"error"}
